2016-04-06 08:53:09 73 73 számú rendelésnél 40082 kódú vevő nem található. -> 
2016-04-06 10:49:05 75 A 75 számú rendelés 1 számú tétel UniPrice mezője nem olvasható! UniPriceNet értéke:, UniPrice értéke: -> 
2016-04-06 10:50:48 75 A 75 számú rendelés 1 számú tétel UniPrice mezője nem olvasható! UniPriceNet értéke:, UniPrice értéke: -> 
2016-04-06 10:59:02 75 A 75 számú rendelés 1 számú tétel UniPrice mezője nem olvasható! UniPriceNet értéke:, UniPrice értéke: -> 
2016-04-06 11:08:06 75 A 75 számú rendelés 1 számú tétel UniPrice mezője nem olvasható! UniPriceNet értéke:, UniPrice értéke: -> 
2016-04-06 12:08:15 63 63 számú rendelésnél 37351 kódú vevő nem található. -> 
2016-04-06 12:28:29 80 80 számú rendelésnél 40085 kódú vevő nem található. -> 
2016-04-06 12:33:10 80 80 számú rendelésnél 40085 kódú vevő nem található. -> 
2016-04-06 12:40:16 80 80 számú rendelésnél 40085 kódú vevő nem található. -> 
2016-04-07 13:20:16 60 60 számú rendelésnél 37348 kódú vevő nem található. -> 
2016-04-07 13:20:17 60 60 számú rendelésnél 37348 kódú vevő nem található. -> 
2016-04-07 14:36:09 61 61 számú rendelésnél 37349 kódú vevő nem található. -> 
2016-04-07 14:36:09 62 62 számú rendelésnél 37350 kódú vevő nem található. -> 
2016-04-07 14:36:11 63 A 63 számú rendelés 5 számú tétel terméke nem található! (productid értéke:) (productcode értéke:) -> 
2016-04-07 14:36:11 69 69 számú rendelésnél 40080 kódú vevő nem található. -> 
2016-04-07 14:36:13 70 70 számú rendelésnél 40081 kódú vevő nem található. -> 
2016-04-07 14:36:16 77 77 számú rendelésnél 40084 kódú vevő nem található. -> 
2016-04-07 14:44:07 67 67 számú rendelésnél 40076 kódú vevő nem található. -> 
2016-04-07 14:48:10 63 A 63 számú rendelés 5 számú tétel terméke nem található! (productid értéke:) (productcode értéke:) -> 
2016-04-07 14:48:10 67 67 számú rendelésnél 40076 kódú vevő nem található. -> 
2016-04-07 14:48:11 69 69 számú rendelésnél 40080 kódú vevő nem található. -> 
2016-04-07 14:48:11 70 70 számú rendelésnél 40081 kódú vevő nem található. -> 
2016-04-07 14:48:11 77 77 számú rendelésnél 40084 kódú vevő nem található. -> 
2016-04-10 11:34:15 66 66 számú rendelésnél 40075 kódú vevő nem található. -> 
2016-04-11 08:45:03 66 66 számú rendelésnél 40075 kódú vevő nem található. -> 
2016-04-11 09:08:58 20588-101812 20588-101812 számú rendelésnél 570b4d88d8869 kódú vevő nem található. -> 
2016-04-11 09:08:58 20588-101812 20588-101812 számú rendelésnél 570b4d88d8869 kódú vevő nem található. -> 
2016-04-11 15:50:50 68 68 számú rendelésnél 40079 kódú vevő nem található. -> 
2016-04-12 08:15:49 68 68 számú rendelésnél 40079 kódú vevő nem található. -> 
2016-04-14 09:02:40 63 A 63 számú rendelés 5 számú tétel terméke nem található! (productid értéke:) (productcode értéke:) -> 
2016-04-17 10:25:47 7171-100540 A 7171-100540 számú rendelés 1 számú tétel terméke nem található! (productid értéke:) (productcode értéke:2058523722) -> 
2016-04-22 14:45:30 20588-101820 20588-101820 számú rendelésnél 571a1ce90ca45 kódú vevő nem található. -> 
2016-04-22 14:45:31 20588-101820 20588-101820 számú rendelésnél 571a1ce90ca45 kódú vevő nem található. -> 
2016-04-24 12:32:41 7171-100541 A 7171-100541 számú rendelés 1 számú tétel terméke nem található! (productid értéke:) (productcode értéke:SFB155) -> 
2016-04-26 09:19:37 116 A 116 számú rendelés 8 számú tétel terméke nem található! (productid értéke:) (productcode értéke:) -> 
2016-04-27 07:33:30 7171-100543 A 7171-100543 számú rendelés 1 számú tétel terméke nem található! (productid értéke:) (productcode értéke:) -> 
2016-05-01 23:38:24 93443-100511 A 93443-100511 számú rendelés 1 számú tétel terméke nem található! (productid értéke:) (productcode értéke:2058553832) -> 
2016-05-02 13:18:25 7171-100546 A 7171-100546 számú rendelés 1 számú tétel terméke nem található! (productid értéke:) (productcode értéke:20565257) -> 
2016-05-02 22:15:15 93443-100512 A 93443-100512 számú rendelés 1 számú tétel terméke nem található! (productid értéke:) (productcode értéke:2058554007) -> 
2016-05-03 07:25:27 93443-100513 A 93443-100513 számú rendelés 1 számú tétel terméke nem található! (productid értéke:) (productcode értéke:2058554929) -> 
2016-05-03 21:41:50 118 A 118 számú rendelés 1 számú tétel terméke nem található! (productid értéke:) (productcode értéke:) -> 
2016-05-04 09:42:19 118 A 118 számú rendelés 1 számú tétel terméke nem található! (productid értéke:) (productcode értéke:) -> 
2016-05-04 09:56:04 118 A 118 számú rendelés 1 számú tétel terméke nem található! (productid értéke:) (productcode értéke:) -> 
2016-05-04 23:13:26 7171-100547 A 7171-100547 számú rendelés 1 számú tétel terméke nem található! (productid értéke:) (productcode értéke:) -> 
2016-05-06 08:19:23 93443-100517 A 93443-100517 számú rendelés 1 számú tétel terméke nem található! (productid értéke:) (productcode értéke:2058554929) -> 
2016-05-09 07:55:16 154 A 154 számú rendelés 4 számú tétel terméke nem található! (productid értéke:) (productcode értéke:) -> 
2016-05-09 10:01:07 93443-100520 93443-100520 számú rendelésnél 573043c229d4e kódú vevő nem található. -> 
2016-05-09 10:01:07 93443-100520 93443-100520 számú rendelésnél 573043c229d4e kódú vevő nem található. -> 
2016-05-09 10:01:07 93443-100520 93443-100520 számú rendelésnél 573043c229d4e kódú vevő nem található. -> 
2016-05-09 10:01:07 93443-100520 93443-100520 számú rendelésnél 573043c229d4e kódú vevő nem található. -> 
2016-05-09 10:01:07 93443-100520 93443-100520 számú rendelésnél 573043c229d4e kódú vevő nem található. -> 
2016-05-09 10:01:07 93443-100520 93443-100520 számú rendelésnél 573043c229d4e kódú vevő nem található. -> 
2016-05-11 08:03:10 161 A 161 számú rendelés 7 számú tétel terméke nem található! (productid értéke:) (productcode értéke:) -> 
2016-05-11 11:39:55 144 A 144 számú rendelés 4 számú tétel terméke nem található! (productid értéke:) (productcode értéke:) -> 
2016-05-17 09:58:03 158 A 158 számú rendelés 1 számú tétel terméke nem található! (productid értéke:) (productcode értéke:) -> 
2016-05-18 08:30:13 170 A 170 számú rendelés 3 számú tétel terméke nem található! (productid értéke:) (productcode értéke:) -> 
2016-05-23 08:05:04 163 A 163 számú rendelés 5 számú tétel terméke nem található! (productid értéke:) (productcode értéke:) -> 
2016-05-25 10:30:03 7171-100551 7171-100551 számú rendelésnél 57456289772ef kódú vevő nem található. -> 
2016-05-25 14:38:58 7171-100552 7171-100552 számú rendelésnél 57459cdf36b49 kódú vevő nem található. -> 
2016-05-26 09:14:58 20588-101832 20588-101832 számú rendelésnél 5746a26e53a65 kódú vevő nem található. -> 
2016-05-26 12:31:02 180 180 számú rendelésnél 45938 kódú vevő nem található. -> 
2016-05-26 13:01:03 180 180 számú rendelésnél 45938 kódú vevő nem található. -> 
2016-05-26 13:18:57 180 180 számú rendelésnél 45938 kódú vevő nem található. -> 
2016-05-26 15:20:12 7171-100552 7171-100552 számú rendelésnél 57459cdf36b49 kódú vevő nem található. -> 
2016-05-30 08:20:45 185 A 185 számú rendelés 12 számú tétel terméke nem található! (productid értéke:) (productcode értéke:) -> 
2016-05-30 16:20:05 177 177 számú rendelésnél 45937 kódú vevő nem található. -> 
2016-05-31 08:53:15 193 A 193 számú rendelés 3 számú tétel terméke nem található! (productid értéke:) (productcode értéke:) -> 
2016-05-31 13:37:54 177 177 számú rendelésnél 45937 kódú vevő nem található. -> 
2016-05-31 13:41:43 177 177 számú rendelésnél 45937 kódú vevő nem található. -> 
2016-05-31 13:50:59 185 A 185 számú rendelés 12 számú tétel terméke nem található! (productid értéke:) (productcode értéke:) -> 
2016-06-01 10:50:13 199 A 199 számú rendelés 8 számú tétel terméke nem található! (productid értéke:) (productcode értéke:) -> 
2016-06-01 12:14:49 18 18 számú rendelésnél 5125 kódú vevő nem található. -> 
2016-06-01 12:14:55 26 26 számú rendelésnél 10355 kódú vevő nem található. -> 
2016-06-01 12:15:02 32 32 számú rendelésnél 10361 kódú vevő nem található. -> 
2016-06-01 12:15:08 40 40 számú rendelésnél 10361 kódú vevő nem található. -> 
2016-06-01 12:15:10 43 A 43 számú rendelés 1 számú tétel terméke nem található! (productid értéke:) (productcode értéke:) -> 
2016-06-01 12:15:10 44 44 számú rendelésnél 10363 kódú vevő nem található. -> 
2016-06-01 12:15:15 47 47 számú rendelésnél 10365 kódú vevő nem található. -> 
2016-06-01 12:15:15 48 48 számú rendelésnél 10366 kódú vevő nem található. -> 
2016-06-01 12:15:15 49 49 számú rendelésnél 10361 kódú vevő nem található. -> 
2016-06-01 12:15:19 58 58 számú rendelésnél 37347 kódú vevő nem található. -> 
2016-06-01 12:15:28 66 66 számú rendelésnél 40075 kódú vevő nem található. -> 
2016-06-01 12:15:34 74 74 számú rendelésnél 40083 kódú vevő nem található. -> 
2016-06-01 12:15:40 81 81 számú rendelésnél 10361 kódú vevő nem található. -> 
2016-06-01 12:16:10 116 A 116 számú rendelés 8 számú tétel terméke nem található! (productid értéke:) (productcode értéke:) -> 
2016-06-01 12:16:11 118 A 118 számú rendelés 1 számú tétel terméke nem található! (productid értéke:) (productcode értéke:) -> 
2016-06-01 12:16:40 144 A 144 számú rendelés 4 számú tétel terméke nem található! (productid értéke:) (productcode értéke:) -> 
2016-06-01 12:16:54 158 A 158 számú rendelés 1 számú tétel terméke nem található! (productid értéke:) (productcode értéke:) -> 
2016-06-01 12:16:56 161 A 161 számú rendelés 7 számú tétel terméke nem található! (productid értéke:) (productcode értéke:) -> 
2016-06-01 12:17:00 163 A 163 számú rendelés 5 számú tétel terméke nem található! (productid értéke:) (productcode értéke:) -> 
2016-06-01 12:17:04 170 A 170 számú rendelés 3 számú tétel terméke nem található! (productid értéke:) (productcode értéke:) -> 
2016-06-01 12:17:25 193 A 193 számú rendelés 3 számú tétel terméke nem található! (productid értéke:) (productcode értéke:) -> 
2016-06-01 12:17:27 199 A 199 számú rendelés 9 számú tétel terméke nem található! (productid értéke:) (productcode értéke:) -> 
2016-06-13 09:04:15 7171-100555 7171-100555 számú rendelésnél 575e5aeb19e30 kódú vevő nem található. -> 
2016-06-16 11:39:13 7171-100556 A 7171-100556 számú rendelés 1 számú tétel terméke nem található! (productid értéke:) (productcode értéke:2058561422) -> 
2016-07-04 13:05:09 7171-100561 7171-100561 számú rendelésnél 577a42e3e78da kódú vevő nem található. -> 
2016-07-04 14:01:06 7171-100562 7171-100562 számú rendelésnél 577a500079547 kódú vevő nem található. -> 
2016-07-05 08:29:18 7171-100563 7171-100563 számú rendelésnél 577b53b7c4c21 kódú vevő nem található. -> 
2016-07-05 08:29:18 7171-100564 7171-100564 számú rendelésnél 577b53b7e2c07 kódú vevő nem található. -> 
2016-07-05 08:33:16 7171-100564 7171-100564 számú rendelésnél 577b53b7e2c07 kódú vevő nem található. -> 
2016-07-05 08:37:57 7171-100565 7171-100565 számú rendelésnél 577b55c43d84a kódú vevő nem található. -> 
2016-07-13 10:47:03 265 A 265 számú rendelés 5 számú tétel terméke nem található! (productid értéke:) (productcode értéke:) -> 
2016-07-14 11:52:10 263 A 263 számú rendelés 3 számú tétel terméke nem található! (productid értéke:) (productcode értéke:) -> 
2016-07-18 08:52:20 7171-100573 7171-100573 számú rendelésnél 578c7c237e0b9 kódú vevő nem található. -> 
2016-07-18 14:00:48 273 A 273 számú rendelés 2 számú tétel terméke nem található! (productid értéke:) (productcode értéke:) -> 
2016-07-18 14:05:17 273 A 273 számú rendelés 2 számú tétel terméke nem található! (productid értéke:) (productcode értéke:) -> 
2016-07-18 14:05:17 273 A 273 számú rendelés 2 számú tétel terméke nem található! (productid értéke:) (productcode értéke:) -> 
2016-07-18 14:15:00 7171-100574 A 7171-100574 számú rendelés 1 számú tétel terméke nem található! (productid értéke:) (productcode értéke:2053131) -> 
2016-07-18 14:20:01 273 A 273 számú rendelés 2 számú tétel terméke nem található! (productid értéke:) (productcode értéke:) -> 
2016-07-18 14:21:14 273 A 273 számú rendelés 1 számú tétel terméke nem található! (productid értéke:) (productcode értéke:) -> 
2016-07-19 09:12:56 7171-100576 A 7171-100576 számú rendelés 1 számú tétel terméke nem található! (productid értéke:) (productcode értéke:2053131) -> 
2016-07-19 09:12:57 7171-100577 A 7171-100577 számú rendelés 1 számú tétel terméke nem található! (productid értéke:) (productcode értéke:2058561292) -> 
2016-07-19 09:12:58 7171-100578 A 7171-100578 számú rendelés 1 számú tétel terméke nem található! (productid értéke:) (productcode értéke:20566193) -> 
2016-07-19 16:33:59 7171-100579 A 7171-100579 számú rendelés 1 számú tétel terméke nem található! (productid értéke:) (productcode értéke:20565416) -> 
2016-07-20 13:53:54 7171-100582 A 7171-100582 számú rendelés 1 számú tétel terméke nem található! (productid értéke:) (productcode értéke:2053131) -> 
2016-07-21 15:09:32 7171-100582 A 7171-100582 számú rendelés 1 számú tétel terméke nem található! (productid értéke:) (productcode értéke:2053131) -> 
2016-07-25 09:08:01 7171-100587 A 7171-100587 számú rendelés 1 számú tétel terméke nem található! (productid értéke:) (productcode értéke:2058561247) -> 
2016-07-25 09:08:07 282 A 282 számú rendelés 2 számú tétel terméke nem található! (productid értéke:) (productcode értéke:) -> 
2016-07-26 14:37:16 273 A 273 számú rendelés 2 számú tétel terméke nem található! (productid értéke:) (productcode értéke:) -> 
2016-08-01 13:50:20 20588-101709 A 20588-101709 számú rendelés 1 számú tétel terméke nem található! (productid értéke:) (productcode értéke:2752) -> 
2016-08-05 13:50:01 7171-100607 A 7171-100607 számú rendelés 1 számú tétel terméke nem található! (productid értéke:) (productcode értéke:20566194) -> 
2016-08-05 13:50:02 7171-100607 A 7171-100607 számú rendelés 1 számú tétel terméke nem található! (productid értéke:) (productcode értéke:20566194) -> 
2016-08-07 19:56:50 7171-100610 A 7171-100610 számú rendelés 1 számú tétel terméke nem található! (productid értéke:) (productcode értéke:20150874) -> 
2016-08-08 08:34:02 311 A 311 számú rendelés 2 számú tétel terméke nem található! (productid értéke:) (productcode értéke:) -> 
2016-08-09 21:19:10 7171-100611 A 7171-100611 számú rendelés 1 számú tétel terméke nem található! (productid értéke:) (productcode értéke:120566407mh) -> 
2016-08-11 09:24:03 7171-100613 A 7171-100613 számú rendelés 1 számú tétel terméke nem található! (productid értéke:) (productcode értéke:SFB155) -> 
2016-08-17 14:49:05 7171-100622 A 7171-100622 számú rendelés 1 számú tétel terméke nem található! (productid értéke:) (productcode értéke:2058561230) -> 
2016-08-17 14:49:08 7171-100622 A 7171-100622 számú rendelés 1 számú tétel terméke nem található! (productid értéke:) (productcode értéke:2058561230) -> 
2016-08-22 08:30:03 7171-100624 A 7171-100624 számú rendelés 1 számú tétel terméke nem található! (productid értéke:) (productcode értéke:20566453) -> 
2016-08-24 16:11:57 334 334 számú rendelésnél 46384 kódú vevő nem található. -> 
2016-08-24 16:11:57 338 A 338 számú rendelés 1 számú tétel terméke nem található! (productid értéke:) (productcode értéke:) -> 
2016-08-25 10:11:54 334 334 számú rendelésnél 46384 kódú vevő nem található. -> 
2016-08-25 10:52:22 334 334 számú rendelésnél 46384 kódú vevő nem található. -> 
2016-09-05 08:05:03 7171-100635 A 7171-100635 számú rendelés 1 számú tétel terméke nem található! (productid értéke:) (productcode értéke:2058523725) -> 
2016-09-06 12:34:02 7171-100636 7171-100636 számú rendelésnél 57ce9b939b4aa kódú vevő nem található. -> 
2016-09-16 09:48:01 7171-100642 A 7171-100642 számú rendelés 1 számú tétel terméke nem található! (productid értéke:) (productcode értéke:SFB126) -> 
2016-09-21 13:08:07 7171-100644 A 7171-100644 számú rendelés 1 számú tétel terméke nem található! (productid értéke:) (productcode értéke:2058561530) -> 
2016-09-28 15:11:57 7171-100650 A 7171-100650 számú rendelés 1 számú tétel terméke nem található! (productid értéke:) (productcode értéke:B36) -> 
2016-09-29 14:07:12 411 411 számú rendelésnél 10361 kódú vevő nem található. -> 
2016-09-29 14:45:26 411 411 számú rendelésnél 10361 kódú vevő nem található. -> 
2016-10-03 11:08:41 423 A 423 számú rendelés 1 számú tétel terméke nem található! (productid értéke:) (productcode értéke:2058523725) -> 
2016-10-03 11:44:43 423 A 423 számú rendelés 1 számú tétel terméke nem található! (productid értéke:) (productcode értéke:2058523725) -> 
2016-10-05 08:37:15 7171-100655 A 7171-100655 számú rendelés 1 számú tétel terméke nem található! (productid értéke:) (productcode értéke:20566735) -> 
2016-10-14 08:22:00 7171-100663 A 7171-100663 számú rendelés 1 számú tétel terméke nem található! (productid értéke:) (productcode értéke:20565817) -> 
2016-10-16 13:50:40 7171-100665 A 7171-100665 számú rendelés 1 számú tétel terméke nem található! (productid értéke:) (productcode értéke:20566193) -> 
2016-10-16 13:50:40 7171-100666 A 7171-100666 számú rendelés 1 számú tétel terméke nem található! (productid értéke:) (productcode értéke:20566735) -> 
2016-10-20 09:17:19 459 A 459 számú rendelés 4 számú tétel terméke nem található! (productid értéke:) (productcode értéke:) -> 
2016-10-20 09:52:13 459 A 459 számú rendelés 4 számú tétel terméke nem található! (productid értéke:) (productcode értéke:) -> 
2016-10-20 09:57:16 459 A 459 számú rendelés 4 számú tétel terméke nem található! (productid értéke:) (productcode értéke:) -> 
2016-10-20 10:07:20 459 A 459 számú rendelés 4 számú tétel terméke nem található! (productid értéke:) (productcode értéke:) -> 
2016-10-24 08:03:19 7171-100668 A 7171-100668 számú rendelés 1 számú tétel terméke nem található! (productid értéke:) (productcode értéke:20567742) -> 
2016-10-27 08:44:09 7171-100672 A 7171-100672 számú rendelés 1 számú tétel terméke nem található! (productid értéke:) (productcode értéke:20567744) -> 
2016-11-06 15:29:49 490 490 számú rendelésnél 46738 kódú vevő nem található. -> 
2016-11-06 17:48:58 490 490 számú rendelésnél 46738 kódú vevő nem található. -> 
2016-11-07 11:55:10 7171-100677 A 7171-100677 számú rendelés 1 számú tétel terméke nem található! (productid értéke:) (productcode értéke:120566526mh) -> 
2016-11-08 08:13:04 485 A 485 számú rendelés 1 számú tétel terméke nem található! (productid értéke:) (productcode értéke:) -> 
2016-11-08 20:29:03 7171-100679 A 7171-100679 számú rendelés 1 számú tétel terméke nem található! (productid értéke:) (productcode értéke:2058561527) -> 
2016-11-09 15:24:06 7171-100680 A 7171-100680 számú rendelés 1 számú tétel terméke nem található! (productid értéke:) (productcode értéke:20566194) -> 
2016-11-14 08:08:07 7171-100683 A 7171-100683 számú rendelés 1 számú tétel terméke nem található! (productid értéke:) (productcode értéke:6384) -> 
2016-11-14 08:08:07 7171-100684 A 7171-100684 számú rendelés 1 számú tétel terméke nem található! (productid értéke:) (productcode értéke:2058561170) -> 
2016-11-15 10:43:01 7171-100685 A 7171-100685 számú rendelés 1 számú tétel terméke nem található! (productid értéke:) (productcode értéke:20566453) -> 
2016-11-16 19:14:02 7171-100687 A 7171-100687 számú rendelés 1 számú tétel terméke nem található! (productid értéke:) (productcode értéke:6350) -> 
2016-11-21 11:05:13 7171-100688 A 7171-100688 számú rendelés 1 számú tétel terméke nem található! (productid értéke:) (productcode értéke:39) -> 
2016-11-21 15:22:58 7171-100689 A 7171-100689 számú rendelés 1 számú tétel terméke nem található! (productid értéke:) (productcode értéke:201) -> 
2016-11-21 15:28:00 7171-100690 A 7171-100690 számú rendelés 1 számú tétel terméke nem található! (productid értéke:) (productcode értéke:5462) -> 
2016-11-22 08:21:05 7171-100691 A 7171-100691 számú rendelés 1 számú tétel terméke nem található! (productid értéke:) (productcode értéke:SFB155) -> 
2016-11-22 14:06:04 7171-100692 A 7171-100692 számú rendelés 1 számú tétel terméke nem található! (productid értéke:) (productcode értéke:281) -> 
2016-11-23 10:51:01 7171-100693 A 7171-100693 számú rendelés 1 számú tétel terméke nem található! (productid értéke:) (productcode értéke:5462) -> 
2016-11-23 13:36:01 7171-100694 A 7171-100694 számú rendelés 1 számú tétel terméke nem található! (productid értéke:) (productcode értéke:304) -> 
2016-11-23 17:11:02 7171-100695 A 7171-100695 számú rendelés 1 számú tétel terméke nem található! (productid értéke:) (productcode értéke:8507) -> 
2016-11-24 16:27:02 7171-100698 A 7171-100698 számú rendelés 1 számú tétel terméke nem található! (productid értéke:) (productcode értéke:3991) -> 
2016-11-24 17:12:04 7171-100699 A 7171-100699 számú rendelés 1 számú tétel terméke nem található! (productid értéke:) (productcode értéke:2058561506) -> 
2016-11-27 10:29:04 7171-100701 A 7171-100701 számú rendelés 1 számú tétel terméke nem található! (productid értéke:) (productcode értéke:20567132) -> 
2016-11-27 17:39:04 7171-100702 A 7171-100702 számú rendelés 1 számú tétel terméke nem található! (productid értéke:) (productcode értéke:6347) -> 
2016-11-28 12:39:05 7171-100704 A 7171-100704 számú rendelés 1 számú tétel terméke nem található! (productid értéke:) (productcode értéke:4914) -> 
2016-11-28 13:14:00 7171-100705 A 7171-100705 számú rendelés 1 számú tétel terméke nem található! (productid értéke:) (productcode értéke:5426) -> 
2016-11-28 17:48:03 7171-100706 A 7171-100706 számú rendelés 1 számú tétel terméke nem található! (productid értéke:) (productcode értéke:167) -> 
2016-11-29 08:55:02 7171-100708 A 7171-100708 számú rendelés 1 számú tétel terméke nem található! (productid értéke:) (productcode értéke:90) -> 
2016-11-30 17:19:06 7171-100709 A 7171-100709 számú rendelés 1 számú tétel terméke nem található! (productid értéke:) (productcode értéke:66) -> 
2016-12-01 08:38:03 7171-100710 A 7171-100710 számú rendelés 1 számú tétel terméke nem található! (productid értéke:) (productcode értéke:246) -> 
2016-12-01 11:58:03 7171-100711 A 7171-100711 számú rendelés 1 számú tétel terméke nem található! (productid értéke:) (productcode értéke:4912) -> 
2016-12-02 19:30:04 7171-100713 A 7171-100713 számú rendelés 1 számú tétel terméke nem található! (productid értéke:) (productcode értéke:5859) -> 
2016-12-05 08:34:06 7171-100715 A 7171-100715 számú rendelés 1 számú tétel terméke nem található! (productid értéke:) (productcode értéke:1913) -> 
2016-12-05 09:49:02 7171-100717 A 7171-100717 számú rendelés 1 számú tétel terméke nem található! (productid értéke:) (productcode értéke:3943) -> 
2016-12-05 18:49:04 7171-100719 A 7171-100719 számú rendelés 1 számú tétel terméke nem található! (productid értéke:) (productcode értéke:1946) -> 
2016-12-05 20:17:00 7171-100720 A 7171-100720 számú rendelés 1 számú tétel terméke nem található! (productid értéke:) (productcode értéke:1945) -> 
2016-12-06 19:30:57 7171-100721 A 7171-100721 számú rendelés 1 számú tétel terméke nem található! (productid értéke:) (productcode értéke:2154) -> 
2016-12-13 11:00:35 531 A 531 számú rendelés 1 számú tétel terméke nem található! (productid értéke:) (productcode értéke:) -> 
2016-12-14 20:16:35 7171-100740 A 7171-100740 számú rendelés 1 számú tétel terméke nem található! (productid értéke:) (productcode értéke:8509) -> 
2016-12-19 13:03:17 7171-100749 A 7171-100749 számú rendelés 1 számú tétel terméke nem található! (productid értéke:) (productcode értéke:120566684) -> 
2016-12-20 10:07:41 7171-100750 A 7171-100750 számú rendelés 1 számú tétel terméke nem található! (productid értéke:) (productcode értéke:20566193) -> 
2016-12-20 18:04:24 7171-100752 7171-100752 számú rendelésnél 5832343 kódú vevő nem található. -> 
2016-12-22 07:52:33 7171-100752 7171-100752 számú rendelésnél 5832343 kódú vevő nem található. -> 
